# JRE version: OpenJDK Runtime Environment (8.0_152-b02) (build 1.8.0_152-release-1024-b02)
# Java VM: OpenJDK 64-Bit Server VM (25.152-b02 mixed mode windows-amd64 compressed oops)
Heap:
 PSYoungGen      total 341504K, used 91380K [0x00000000e0000000, 0x00000000ff900000, 0x0000000100000000)
  eden space 307712K, 18% used [0x00000000e0000000,0x00000000e3891e98,0x00000000f2c80000)
  from space 33792K, 98% used [0x00000000f2c80000,0x00000000f4d2b250,0x00000000f4d80000)
  to   space 103936K, 0% used [0x00000000f9380000,0x00000000f9380000,0x00000000ff900000)
 ParOldGen       total 283136K, used 199398K [0x00000000a0000000, 0x00000000b1480000, 0x00000000e0000000)
  object space 283136K, 70% used [0x00000000a0000000,0x00000000ac2b9970,0x00000000b1480000)
 Metaspace       used 97137K, capacity 104010K, committed 104340K, reserved 1140736K
  class space    used 12181K, capacity 13629K, committed 13756K, reserved 1048576K
GC Heap History (10 events):
Event: 5719.923 GC heap before
{Heap before GC invocations=51 (full 4):
 PSYoungGen      total 418816K, used 337259K [0x00000000e0000000, 0x0000000100000000, 0x0000000100000000)
  eden space 311296K, 100% used [0x00000000e0000000,0x00000000f3000000,0x00000000f3000000)
  from space 107520K, 24% used [0x00000000f9700000,0x00000000fb05aee0,0x0000000100000000)
  to   space 105472K, 0% used [0x00000000f3000000,0x00000000f3000000,0x00000000f9700000)
 ParOldGen       total 283136K, used 199358K [0x00000000a0000000, 0x00000000b1480000, 0x00000000e0000000)
  object space 283136K, 70% used [0x00000000a0000000,0x00000000ac2af970,0x00000000b1480000)
 Metaspace       used 89343K, capacity 94614K, committed 94740K, reserved 1132544K
  class space    used 11118K, capacity 12233K, committed 12348K, reserved 1048576K
Event: 5720.038 GC heap after
Heap after GC invocations=51 (full 4):
 PSYoungGen      total 385536K, used 73734K [0x00000000e0000000, 0x0000000100000000, 0x0000000100000000)
  eden space 311296K, 0% used [0x00000000e0000000,0x00000000e0000000,0x00000000f3000000)
  from space 74240K, 99% used [0x00000000f3000000,0x00000000f7801978,0x00000000f7880000)
  to   space 109568K, 0% used [0x00000000f9500000,0x00000000f9500000,0x0000000100000000)
 ParOldGen       total 283136K, used 199366K [0x00000000a0000000, 0x00000000b1480000, 0x00000000e0000000)
  object space 283136K, 70% used [0x00000000a0000000,0x00000000ac2b1970,0x00000000b1480000)
 Metaspace       used 89343K, capacity 94614K, committed 94740K, reserved 1132544K
  class space    used 11118K, capacity 12233K, committed 12348K, reserved 1048576K
}
Event: 5870.887 GC heap before
{Heap before GC invocations=52 (full 4):
 PSYoungGen      total 385536K, used 385030K [0x00000000e0000000, 0x0000000100000000, 0x0000000100000000)
  eden space 311296K, 100% used [0x00000000e0000000,0x00000000f3000000,0x00000000f3000000)
  from space 74240K, 99% used [0x00000000f3000000,0x00000000f7801978,0x00000000f7880000)
  to   space 109568K, 0% used [0x00000000f9500000,0x00000000f9500000,0x0000000100000000)
 ParOldGen       total 283136K, used 199366K [0x00000000a0000000, 0x00000000b1480000, 0x00000000e0000000)
  object space 283136K, 70% used [0x00000000a0000000,0x00000000ac2b1970,0x00000000b1480000)
 Metaspace       used 90330K, capacity 96528K, committed 96788K, reserved 1134592K
  class space    used 11311K, capacity 12530K, committed 12604K, reserved 1048576K
Event: 5870.919 GC heap after
Heap after GC invocations=52 (full 4):
 PSYoungGen      total 416256K, used 23124K [0x00000000e0000000, 0x0000000100000000, 0x0000000100000000)
  eden space 306688K, 0% used [0x00000000e0000000,0x00000000e0000000,0x00000000f2b80000)
  from space 109568K, 21% used [0x00000000f9500000,0x00000000fab953a8,0x0000000100000000)
  to   space 108032K, 0% used [0x00000000f2b80000,0x00000000f2b80000,0x00000000f9500000)
 ParOldGen       total 283136K, used 199374K [0x00000000a0000000, 0x00000000b1480000, 0x00000000e0000000)
  object space 283136K, 70% used [0x00000000a0000000,0x00000000ac2b3970,0x00000000b1480000)
 Metaspace       used 90330K, capacity 96528K, committed 96788K, reserved 1134592K
  class space    used 11311K, capacity 12530K, committed 12604K, reserved 1048576K
}
Event: 5879.687 GC heap before
{Heap before GC invocations=53 (full 4):
 PSYoungGen      total 416256K, used 329519K [0x00000000e0000000, 0x0000000100000000, 0x0000000100000000)
  eden space 306688K, 99% used [0x00000000e0000000,0x00000000f2b36a28,0x00000000f2b80000)
  from space 109568K, 21% used [0x00000000f9500000,0x00000000fab953a8,0x0000000100000000)
  to   space 108032K, 0% used [0x00000000f2b80000,0x00000000f2b80000,0x00000000f9500000)
 ParOldGen       total 283136K, used 199374K [0x00000000a0000000, 0x00000000b1480000, 0x00000000e0000000)
  object space 283136K, 70% used [0x00000000a0000000,0x00000000ac2b3970,0x00000000b1480000)
 Metaspace       used 90702K, capacity 96904K, committed 97044K, reserved 1134592K
  class space    used 11333K, capacity 12570K, committed 12604K, reserved 1048576K
Event: 5879.794 GC heap after
Heap after GC invocations=53 (full 4):
 PSYoungGen      total 414720K, used 65337K [0x00000000e0000000, 0x00000000fff80000, 0x0000000100000000)
  eden space 306688K, 0% used [0x00000000e0000000,0x00000000e0000000,0x00000000f2b80000)
  from space 108032K, 60% used [0x00000000f2b80000,0x00000000f6b4e540,0x00000000f9500000)
  to   space 108544K, 0% used [0x00000000f9580000,0x00000000f9580000,0x00000000fff80000)
 ParOldGen       total 283136K, used 199382K [0x00000000a0000000, 0x00000000b1480000, 0x00000000e0000000)
  object space 283136K, 70% used [0x00000000a0000000,0x00000000ac2b5970,0x00000000b1480000)
 Metaspace       used 90702K, capacity 96904K, committed 97044K, reserved 1134592K
  class space    used 11333K, capacity 12570K, committed 12604K, reserved 1048576K
}
Event: 6154.245 GC heap before
{Heap before GC invocations=54 (full 4):
 PSYoungGen      total 414720K, used 372025K [0x00000000e0000000, 0x00000000fff80000, 0x0000000100000000)
  eden space 306688K, 100% used [0x00000000e0000000,0x00000000f2b80000,0x00000000f2b80000)
  from space 108032K, 60% used [0x00000000f2b80000,0x00000000f6b4e540,0x00000000f9500000)
  to   space 108544K, 0% used [0x00000000f9580000,0x00000000f9580000,0x00000000fff80000)
 ParOldGen       total 283136K, used 199382K [0x00000000a0000000, 0x00000000b1480000, 0x00000000e0000000)
  object space 283136K, 70% used [0x00000000a0000000,0x00000000ac2b5970,0x00000000b1480000)
 Metaspace       used 95310K, capacity 101848K, committed 102164K, reserved 1138688K
  class space    used 11923K, capacity 13252K, committed 13372K, reserved 1048576K
Event: 6154.299 GC heap after
Heap after GC invocations=54 (full 4):
 PSYoungGen      total 415232K, used 20782K [0x00000000e0000000, 0x00000000ffe80000, 0x0000000100000000)
  eden space 307712K, 0% used [0x00000000e0000000,0x00000000e0000000,0x00000000f2c80000)
  from space 107520K, 19% used [0x00000000f9580000,0x00000000fa9cb888,0x00000000ffe80000)
  to   space 107520K, 0% used [0x00000000f2c80000,0x00000000f2c80000,0x00000000f9580000)
 ParOldGen       total 283136K, used 199390K [0x00000000a0000000, 0x00000000b1480000, 0x00000000e0000000)
  object space 283136K, 70% used [0x00000000a0000000,0x00000000ac2b7970,0x00000000b1480000)
 Metaspace       used 95310K, capacity 101848K, committed 102164K, reserved 1138688K
  class space    used 11923K, capacity 13252K, committed 13372K, reserved 1048576K
}
Event: 6171.043 GC heap before
{Heap before GC invocations=55 (full 4):
 PSYoungGen      total 415232K, used 328494K [0x00000000e0000000, 0x00000000ffe80000, 0x0000000100000000)
  eden space 307712K, 100% used [0x00000000e0000000,0x00000000f2c80000,0x00000000f2c80000)
  from space 107520K, 19% used [0x00000000f9580000,0x00000000fa9cb888,0x00000000ffe80000)
  to   space 107520K, 0% used [0x00000000f2c80000,0x00000000f2c80000,0x00000000f9580000)
 ParOldGen       total 283136K, used 199390K [0x00000000a0000000, 0x00000000b1480000, 0x00000000e0000000)
  object space 283136K, 70% used [0x00000000a0000000,0x00000000ac2b7970,0x00000000b1480000)
 Metaspace       used 97038K, capacity 103940K, committed 103956K, reserved 1140736K
  class space    used 12181K, capacity 13628K, committed 13628K, reserved 1048576K
Event: 6171.092 GC heap after
Heap after GC invocations=55 (full 4):
 PSYoungGen      total 341504K, used 33452K [0x00000000e0000000, 0x00000000ff900000, 0x0000000100000000)
  eden space 307712K, 0% used [0x00000000e0000000,0x00000000e0000000,0x00000000f2c80000)
  from space 33792K, 98% used [0x00000000f2c80000,0x00000000f4d2b250,0x00000000f4d80000)
  to   space 103936K, 0% used [0x00000000f9380000,0x00000000f9380000,0x00000000ff900000)
 ParOldGen       total 283136K, used 199398K [0x00000000a0000000, 0x00000000b1480000, 0x00000000e0000000)
  object space 283136K, 70% used [0x00000000a0000000,0x00000000ac2b9970,0x00000000b1480000)
 Metaspace       used 97038K, capacity 103940K, committed 103956K, reserved 1140736K
  class space    used 12181K, capacity 13628K, committed 13628K, reserved 1048576K
}

