# JRE version: OpenJDK Runtime Environment (8.0_152-b02) (build 1.8.0_152-release-1024-b02)
# Java VM: OpenJDK 64-Bit Server VM (25.152-b02 mixed mode windows-amd64 compressed oops)
Heap:
 PSYoungGen      total 270336K, used 89662K [0x00000000e0000000, 0x00000000f6a00000, 0x0000000100000000)
  eden space 219136K, 40% used [0x00000000e0000000,0x00000000e578fa08,0x00000000ed600000)
  from space 51200K, 0% used [0x00000000ede00000,0x00000000ede00000,0x00000000f1000000)
  to   space 75776K, 0% used [0x00000000f2000000,0x00000000f2000000,0x00000000f6a00000)
 ParOldGen       total 154112K, used 68088K [0x00000000a0000000, 0x00000000a9680000, 0x00000000e0000000)
  object space 154112K, 44% used [0x00000000a0000000,0x00000000a427e0f8,0x00000000a9680000)
 Metaspace       used 88927K, capacity 93956K, committed 95104K, reserved 1132544K
  class space    used 11369K, capacity 12451K, committed 12672K, reserved 1048576K
GC Heap History (10 events):
Event: 5767.973 GC heap before
{Heap before GC invocations=18 (full 3):
 PSYoungGen      total 278528K, used 278363K [0x00000000e0000000, 0x00000000f3500000, 0x0000000100000000)
  eden space 251904K, 100% used [0x00000000e0000000,0x00000000ef600000,0x00000000ef600000)
  from space 26624K, 99% used [0x00000000f1b00000,0x00000000f34d6e00,0x00000000f3500000)
  to   space 31744K, 0% used [0x00000000ef700000,0x00000000ef700000,0x00000000f1600000)
 ParOldGen       total 154112K, used 57363K [0x00000000a0000000, 0x00000000a9680000, 0x00000000e0000000)
  object space 154112K, 37% used [0x00000000a0000000,0x00000000a3804ca0,0x00000000a9680000)
 Metaspace       used 72596K, capacity 76752K, committed 76800K, reserved 1116160K
  class space    used 9463K, capacity 10454K, committed 10496K, reserved 1048576K
Event: 5768.013 GC heap after
Heap after GC invocations=18 (full 3):
 PSYoungGen      total 268288K, used 25400K [0x00000000e0000000, 0x00000000f2f00000, 0x0000000100000000)
  eden space 242688K, 0% used [0x00000000e0000000,0x00000000e0000000,0x00000000eed00000)
  from space 25600K, 99% used [0x00000000ef700000,0x00000000f0fce1b0,0x00000000f1000000)
  to   space 31744K, 0% used [0x00000000f1000000,0x00000000f1000000,0x00000000f2f00000)
 ParOldGen       total 154112K, used 57371K [0x00000000a0000000, 0x00000000a9680000, 0x00000000e0000000)
  object space 154112K, 37% used [0x00000000a0000000,0x00000000a3806ca0,0x00000000a9680000)
 Metaspace       used 72596K, capacity 76752K, committed 76800K, reserved 1116160K
  class space    used 9463K, capacity 10454K, committed 10496K, reserved 1048576K
}
Event: 5782.555 GC heap before
{Heap before GC invocations=19 (full 3):
 PSYoungGen      total 268288K, used 268088K [0x00000000e0000000, 0x00000000f2f00000, 0x0000000100000000)
  eden space 242688K, 100% used [0x00000000e0000000,0x00000000eed00000,0x00000000eed00000)
  from space 25600K, 99% used [0x00000000ef700000,0x00000000f0fce1b0,0x00000000f1000000)
  to   space 31744K, 0% used [0x00000000f1000000,0x00000000f1000000,0x00000000f2f00000)
 ParOldGen       total 154112K, used 57371K [0x00000000a0000000, 0x00000000a9680000, 0x00000000e0000000)
  object space 154112K, 37% used [0x00000000a0000000,0x00000000a3806ca0,0x00000000a9680000)
 Metaspace       used 79346K, capacity 83870K, committed 83968K, reserved 1122304K
  class space    used 10177K, capacity 11229K, committed 11264K, reserved 1048576K
Event: 5782.648 GC heap after
Heap after GC invocations=19 (full 3):
 PSYoungGen      total 259072K, used 31721K [0x00000000e0000000, 0x00000000f4880000, 0x0000000100000000)
  eden space 227328K, 0% used [0x00000000e0000000,0x00000000e0000000,0x00000000ede00000)
  from space 31744K, 99% used [0x00000000f1000000,0x00000000f2efa7d0,0x00000000f2f00000)
  to   space 51200K, 0% used [0x00000000ede00000,0x00000000ede00000,0x00000000f1000000)
 ParOldGen       total 154112K, used 93184K [0x00000000a0000000, 0x00000000a9680000, 0x00000000e0000000)
  object space 154112K, 60% used [0x00000000a0000000,0x00000000a5b00178,0x00000000a9680000)
 Metaspace       used 79346K, capacity 83870K, committed 83968K, reserved 1122304K
  class space    used 10177K, capacity 11229K, committed 11264K, reserved 1048576K
}
Event: 5791.296 GC heap before
{Heap before GC invocations=20 (full 3):
 PSYoungGen      total 259072K, used 259049K [0x00000000e0000000, 0x00000000f4880000, 0x0000000100000000)
  eden space 227328K, 100% used [0x00000000e0000000,0x00000000ede00000,0x00000000ede00000)
  from space 31744K, 99% used [0x00000000f1000000,0x00000000f2efa7d0,0x00000000f2f00000)
  to   space 51200K, 0% used [0x00000000ede00000,0x00000000ede00000,0x00000000f1000000)
 ParOldGen       total 154112K, used 93184K [0x00000000a0000000, 0x00000000a9680000, 0x00000000e0000000)
  object space 154112K, 60% used [0x00000000a0000000,0x00000000a5b00178,0x00000000a9680000)
 Metaspace       used 87993K, capacity 93562K, committed 93824K, reserved 1130496K
  class space    used 11338K, capacity 12553K, committed 12672K, reserved 1048576K
Event: 5791.444 GC heap after
Heap after GC invocations=20 (full 3):
 PSYoungGen      total 270336K, used 51171K [0x00000000e0000000, 0x00000000f6a00000, 0x0000000100000000)
  eden space 219136K, 0% used [0x00000000e0000000,0x00000000e0000000,0x00000000ed600000)
  from space 51200K, 99% used [0x00000000ede00000,0x00000000f0ff8fd0,0x00000000f1000000)
  to   space 75776K, 0% used [0x00000000f2000000,0x00000000f2000000,0x00000000f6a00000)
 ParOldGen       total 154112K, used 137976K [0x00000000a0000000, 0x00000000a9680000, 0x00000000e0000000)
  object space 154112K, 89% used [0x00000000a0000000,0x00000000a86be2b8,0x00000000a9680000)
 Metaspace       used 87993K, capacity 93562K, committed 93824K, reserved 1130496K
  class space    used 11338K, capacity 12553K, committed 12672K, reserved 1048576K
}
Event: 5791.444 GC heap before
{Heap before GC invocations=21 (full 4):
 PSYoungGen      total 270336K, used 51171K [0x00000000e0000000, 0x00000000f6a00000, 0x0000000100000000)
  eden space 219136K, 0% used [0x00000000e0000000,0x00000000e0000000,0x00000000ed600000)
  from space 51200K, 99% used [0x00000000ede00000,0x00000000f0ff8fd0,0x00000000f1000000)
  to   space 75776K, 0% used [0x00000000f2000000,0x00000000f2000000,0x00000000f6a00000)
 ParOldGen       total 154112K, used 137976K [0x00000000a0000000, 0x00000000a9680000, 0x00000000e0000000)
  object space 154112K, 89% used [0x00000000a0000000,0x00000000a86be2b8,0x00000000a9680000)
 Metaspace       used 87993K, capacity 93562K, committed 93824K, reserved 1130496K
  class space    used 11338K, capacity 12553K, committed 12672K, reserved 1048576K
Event: 5792.286 GC heap after
Heap after GC invocations=21 (full 4):
 PSYoungGen      total 270336K, used 0K [0x00000000e0000000, 0x00000000f6a00000, 0x0000000100000000)
  eden space 219136K, 0% used [0x00000000e0000000,0x00000000e0000000,0x00000000ed600000)
  from space 51200K, 0% used [0x00000000ede00000,0x00000000ede00000,0x00000000f1000000)
  to   space 75776K, 0% used [0x00000000f2000000,0x00000000f2000000,0x00000000f6a00000)
 ParOldGen       total 154112K, used 120549K [0x00000000a0000000, 0x00000000a9680000, 0x00000000e0000000)
  object space 154112K, 78% used [0x00000000a0000000,0x00000000a75b95d0,0x00000000a9680000)
 Metaspace       used 86371K, capacity 91120K, committed 93824K, reserved 1130496K
  class space    used 11017K, capacity 12043K, committed 12672K, reserved 1048576K
}
Event: 5795.846 GC heap before
{Heap before GC invocations=22 (full 5):
 PSYoungGen      total 270336K, used 215450K [0x00000000e0000000, 0x00000000f6a00000, 0x0000000100000000)
  eden space 219136K, 98% used [0x00000000e0000000,0x00000000ed2669b0,0x00000000ed600000)
  from space 51200K, 0% used [0x00000000ede00000,0x00000000ede00000,0x00000000f1000000)
  to   space 75776K, 0% used [0x00000000f2000000,0x00000000f2000000,0x00000000f6a00000)
 ParOldGen       total 154112K, used 120549K [0x00000000a0000000, 0x00000000a9680000, 0x00000000e0000000)
  object space 154112K, 78% used [0x00000000a0000000,0x00000000a75b95d0,0x00000000a9680000)
 Metaspace       used 88110K, capacity 92926K, committed 94336K, reserved 1130496K
  class space    used 11217K, capacity 12256K, committed 12672K, reserved 1048576K
Event: 5796.052 GC heap after
Heap after GC invocations=22 (full 5):
 PSYoungGen      total 270336K, used 0K [0x00000000e0000000, 0x00000000f6a00000, 0x0000000100000000)
  eden space 219136K, 0% used [0x00000000e0000000,0x00000000e0000000,0x00000000ed600000)
  from space 51200K, 0% used [0x00000000ede00000,0x00000000ede00000,0x00000000f1000000)
  to   space 75776K, 0% used [0x00000000f2000000,0x00000000f2000000,0x00000000f6a00000)
 ParOldGen       total 154112K, used 68088K [0x00000000a0000000, 0x00000000a9680000, 0x00000000e0000000)
  object space 154112K, 44% used [0x00000000a0000000,0x00000000a427e0f8,0x00000000a9680000)
 Metaspace       used 88110K, capacity 92926K, committed 94336K, reserved 1130496K
  class space    used 11217K, capacity 12256K, committed 12672K, reserved 1048576K
}

